android/app/build/intermediates/manifest_merge_blame_file/debug/manifest-merger-blame-debug-report.txt
1<?xml version="1.0" encoding="utf-8"?>
2<manifest xmlns:android="http://schemas.android.com/apk/res/android"
3    package="com.contactsaic"
4    android:versionCode="1"
5    android:versionName="1.0" >
6
7    <uses-sdk
8        android:minSdkVersion="16"
9        android:targetSdkVersion="29" />
10
11    <uses-permission android:name="android.permission.SYSTEM_ALERT_WINDOW" />
11-->src/debug/AndroidManifest.xml:5:5-77
11-->src/debug/AndroidManifest.xml:5:22-75
12    <uses-permission android:name="android.permission.INTERNET" />
12-->src/main/AndroidManifest.xml:4:5-67
12-->src/main/AndroidManifest.xml:4:22-64
13    <uses-permission android:name="android.permission.WRITE_CONTACTS" />
13-->src/main/AndroidManifest.xml:5:5-73
13-->src/main/AndroidManifest.xml:5:22-70
14    <uses-permission android:name="android.permission.READ_CONTACTS" />
14-->src/main/AndroidManifest.xml:6:5-72
14-->src/main/AndroidManifest.xml:6:22-69
15    <uses-permission android:name="android.permission.CAMERA" />
15-->src/main/AndroidManifest.xml:7:5-64
15-->src/main/AndroidManifest.xml:7:22-62
16
17    <uses-feature
17-->src/main/AndroidManifest.xml:8:5-85
18        android:name="android.hardware.camera"
18-->src/main/AndroidManifest.xml:8:19-57
19        android:required="false" />
19-->src/main/AndroidManifest.xml:8:58-82
20
21    <uses-permission android:name="android.permission.VIBRATE" />
21-->src/main/AndroidManifest.xml:9:5-65
21-->src/main/AndroidManifest.xml:9:22-63
22    <uses-permission android:name="android.permission.ACCESS_NETWORK_STATE" />
22-->src/main/AndroidManifest.xml:10:5-78
22-->src/main/AndroidManifest.xml:10:22-76
23    <uses-permission android:name="android.permission.RECEIVE_BOOT_COMPLETED" />
23-->src/main/AndroidManifest.xml:11:5-81
23-->src/main/AndroidManifest.xml:11:22-78
24    <uses-permission android:name="android.permission.ACCESS_WIFI_STATE" />
24-->[com.facebook.flipper:flipper:0.37.0] AndroidManifest.xml:16:5-76
24-->[com.facebook.flipper:flipper:0.37.0] AndroidManifest.xml:16:22-73
25    <uses-permission android:name="android.permission.WAKE_LOCK" />
25-->[:react-native-firebase] AndroidManifest.xml:12:5-68
25-->[:react-native-firebase] AndroidManifest.xml:12:22-65
26    <uses-permission android:name="android.permission.FOREGROUND_SERVICE" />
26-->[notifee_core_release.aar] AndroidManifest.xml:16:5-77
26-->[notifee_core_release.aar] AndroidManifest.xml:16:22-74
27
28    <uses-feature
28-->[:react-native-camera] AndroidManifest.xml:14:5-16:36
29        android:name="android.hardware.camera.autofocus"
29-->[:react-native-camera] AndroidManifest.xml:15:9-57
30        android:required="false" />
30-->[:react-native-camera] AndroidManifest.xml:16:9-33
31
32    <queries>
32-->[:react-native-image-crop-picker] AndroidManifest.xml:10:5-14:15
33        <intent>
33-->[:react-native-image-crop-picker] AndroidManifest.xml:11:9-13:18
34            <action android:name="android.media.action.IMAGE_CAPTURE" />
34-->[:react-native-image-crop-picker] AndroidManifest.xml:12:13-73
34-->[:react-native-image-crop-picker] AndroidManifest.xml:12:21-70
35        </intent>
36    </queries>
37
38    <uses-permission android:name="android.permission.WRITE_EXTERNAL_STORAGE" />
38-->[:react-native-image-crop-picker] AndroidManifest.xml:16:5-81
38-->[:react-native-image-crop-picker] AndroidManifest.xml:16:22-78
39    <uses-permission android:name="android.permission.USE_BIOMETRIC" />
39-->[:react-native-keychain] AndroidManifest.xml:11:5-72
39-->[:react-native-keychain] AndroidManifest.xml:11:22-69
40    <uses-permission android:name="android.permission.USE_FINGERPRINT" /> <!-- Required to access Google Play Licensing -->
40-->[:react-native-keychain] AndroidManifest.xml:12:5-74
40-->[:react-native-keychain] AndroidManifest.xml:12:22-71
41    <uses-permission android:name="com.android.vending.CHECK_LICENSE" /> <!-- Required by older versions of Google Play services to create IID tokens -->
41-->[:rn-fetch-blob] AndroidManifest.xml:12:5-73
41-->[:rn-fetch-blob] AndroidManifest.xml:12:22-70
42    <uses-permission android:name="com.google.android.c2dm.permission.RECEIVE" />
42-->[com.google.firebase:firebase-iid:21.0.1] AndroidManifest.xml:26:5-82
42-->[com.google.firebase:firebase-iid:21.0.1] AndroidManifest.xml:26:22-79
43    <uses-permission android:name="com.google.android.finsky.permission.BIND_GET_INSTALL_REFERRER_SERVICE" /> <!-- for android -->
43-->[com.google.android.gms:play-services-measurement:18.0.2] AndroidManifest.xml:26:5-110
43-->[com.google.android.gms:play-services-measurement:18.0.2] AndroidManifest.xml:26:22-107
44    <!-- <uses-permission android:name="com.android.launcher.permission.READ_SETTINGS"/> -->
45    <!-- <uses-permission android:name="com.android.launcher.permission.WRITE_SETTINGS"/> -->
46    <!-- <uses-permission android:name="com.android.launcher.permission.INSTALL_SHORTCUT" /> -->
47    <!-- <uses-permission android:name="com.android.launcher.permission.UNINSTALL_SHORTCUT" /> -->
48    <!-- for Samsung -->
49    <uses-permission android:name="com.sec.android.provider.badge.permission.READ" />
49-->[me.leolin:ShortcutBadger:1.1.22] AndroidManifest.xml:19:5-86
49-->[me.leolin:ShortcutBadger:1.1.22] AndroidManifest.xml:19:22-83
50    <uses-permission android:name="com.sec.android.provider.badge.permission.WRITE" /> <!-- for htc -->
50-->[me.leolin:ShortcutBadger:1.1.22] AndroidManifest.xml:20:5-87
50-->[me.leolin:ShortcutBadger:1.1.22] AndroidManifest.xml:20:22-84
51    <uses-permission android:name="com.htc.launcher.permission.READ_SETTINGS" />
51-->[me.leolin:ShortcutBadger:1.1.22] AndroidManifest.xml:23:5-81
51-->[me.leolin:ShortcutBadger:1.1.22] AndroidManifest.xml:23:22-78
52    <uses-permission android:name="com.htc.launcher.permission.UPDATE_SHORTCUT" /> <!-- for sony -->
52-->[me.leolin:ShortcutBadger:1.1.22] AndroidManifest.xml:24:5-83
52-->[me.leolin:ShortcutBadger:1.1.22] AndroidManifest.xml:24:22-80
53    <uses-permission android:name="com.sonyericsson.home.permission.BROADCAST_BADGE" />
53-->[me.leolin:ShortcutBadger:1.1.22] AndroidManifest.xml:27:5-88
53-->[me.leolin:ShortcutBadger:1.1.22] AndroidManifest.xml:27:22-85
54    <uses-permission android:name="com.sonymobile.home.permission.PROVIDER_INSERT_BADGE" /> <!-- for apex -->
54-->[me.leolin:ShortcutBadger:1.1.22] AndroidManifest.xml:28:5-92
54-->[me.leolin:ShortcutBadger:1.1.22] AndroidManifest.xml:28:22-89
55    <uses-permission android:name="com.anddoes.launcher.permission.UPDATE_COUNT" /> <!-- for solid -->
55-->[me.leolin:ShortcutBadger:1.1.22] AndroidManifest.xml:31:5-84
55-->[me.leolin:ShortcutBadger:1.1.22] AndroidManifest.xml:31:22-81
56    <uses-permission android:name="com.majeur.launcher.permission.UPDATE_BADGE" /> <!-- for huawei -->
56-->[me.leolin:ShortcutBadger:1.1.22] AndroidManifest.xml:34:5-83
56-->[me.leolin:ShortcutBadger:1.1.22] AndroidManifest.xml:34:22-80
57    <uses-permission android:name="com.huawei.android.launcher.permission.CHANGE_BADGE" />
57-->[me.leolin:ShortcutBadger:1.1.22] AndroidManifest.xml:37:5-91
57-->[me.leolin:ShortcutBadger:1.1.22] AndroidManifest.xml:37:22-88
58    <uses-permission android:name="com.huawei.android.launcher.permission.READ_SETTINGS" />
58-->[me.leolin:ShortcutBadger:1.1.22] AndroidManifest.xml:38:5-92
58-->[me.leolin:ShortcutBadger:1.1.22] AndroidManifest.xml:38:22-89
59    <uses-permission android:name="com.huawei.android.launcher.permission.WRITE_SETTINGS" /> <!-- for ZUK -->
59-->[me.leolin:ShortcutBadger:1.1.22] AndroidManifest.xml:39:5-93
59-->[me.leolin:ShortcutBadger:1.1.22] AndroidManifest.xml:39:22-90
60    <uses-permission android:name="android.permission.READ_APP_BADGE" /> <!-- for OPPO -->
60-->[me.leolin:ShortcutBadger:1.1.22] AndroidManifest.xml:42:5-73
60-->[me.leolin:ShortcutBadger:1.1.22] AndroidManifest.xml:42:22-70
61    <uses-permission android:name="com.oppo.launcher.permission.READ_SETTINGS" />
61-->[me.leolin:ShortcutBadger:1.1.22] AndroidManifest.xml:45:5-82
61-->[me.leolin:ShortcutBadger:1.1.22] AndroidManifest.xml:45:22-79
62    <uses-permission android:name="com.oppo.launcher.permission.WRITE_SETTINGS" /> <!-- for EvMe -->
62-->[me.leolin:ShortcutBadger:1.1.22] AndroidManifest.xml:46:5-83
62-->[me.leolin:ShortcutBadger:1.1.22] AndroidManifest.xml:46:22-80
63    <uses-permission android:name="me.everything.badger.permission.BADGE_COUNT_READ" />
63-->[me.leolin:ShortcutBadger:1.1.22] AndroidManifest.xml:49:5-88
63-->[me.leolin:ShortcutBadger:1.1.22] AndroidManifest.xml:49:22-85
64    <uses-permission android:name="me.everything.badger.permission.BADGE_COUNT_WRITE" />
64-->[me.leolin:ShortcutBadger:1.1.22] AndroidManifest.xml:50:5-89
64-->[me.leolin:ShortcutBadger:1.1.22] AndroidManifest.xml:50:22-86
65
66    <application
66-->src/main/AndroidManifest.xml:13:5-86:19
67        android:name="com.contactsaic.MainApplication"
67-->src/main/AndroidManifest.xml:14:7-38
68        android:allowBackup="false"
68-->src/main/AndroidManifest.xml:18:7-34
69        android:appComponentFactory="androidx.core.app.CoreComponentFactory"
69-->[androidx.core:core:1.5.0-beta03] AndroidManifest.xml:24:18-86
70        android:debuggable="true"
71        android:icon="@mipmap/ic_launcher"
71-->src/main/AndroidManifest.xml:16:7-41
72        android:label="@string/app_name"
72-->src/main/AndroidManifest.xml:15:7-39
73        android:launchMode="singleTop"
73-->src/main/AndroidManifest.xml:19:9-39
74        android:roundIcon="@mipmap/ic_launcher_round"
74-->src/main/AndroidManifest.xml:17:7-52
75        android:theme="@style/AppTheme"
75-->src/main/AndroidManifest.xml:20:9-40
76        android:usesCleartextTraffic="true" >
76-->src/debug/AndroidManifest.xml:7:18-53
77        <receiver android:name="io.invertase.firebase.notifications.RNFirebaseNotificationReceiver" />
77-->src/main/AndroidManifest.xml:21:9-102
77-->src/main/AndroidManifest.xml:21:19-100
78        <receiver
78-->src/main/AndroidManifest.xml:22:9-32:20
79            android:name="io.invertase.firebase.notifications.RNFirebaseNotificationsRebootReceiver"
79-->src/main/AndroidManifest.xml:25:13-101
80            android:enabled="true"
80-->src/main/AndroidManifest.xml:23:13-35
81            android:exported="true" >
81-->src/main/AndroidManifest.xml:24:13-36
82            <intent-filter>
82-->src/main/AndroidManifest.xml:26:13-31:29
83                <action android:name="android.intent.action.BOOT_COMPLETED" />
83-->src/main/AndroidManifest.xml:27:17-78
83-->src/main/AndroidManifest.xml:27:25-76
84                <action android:name="android.intent.action.QUICKBOOT_POWERON" />
84-->src/main/AndroidManifest.xml:28:17-81
84-->src/main/AndroidManifest.xml:28:25-79
85                <action android:name="com.htc.intent.action.QUICKBOOT_POWERON" />
85-->src/main/AndroidManifest.xml:29:17-81
85-->src/main/AndroidManifest.xml:29:25-79
86
87                <category android:name="android.intent.category.DEFAULT" />
87-->src/main/AndroidManifest.xml:30:17-76
87-->src/main/AndroidManifest.xml:30:27-73
88            </intent-filter>
89        </receiver>
90        <receiver
90-->src/main/AndroidManifest.xml:33:9-37:20
91            android:name="io.invertase.firebase.notifications.RNFirebaseBackgroundNotificationActionReceiver"
91-->src/main/AndroidManifest.xml:33:19-116
92            android:exported="true" >
92-->src/main/AndroidManifest.xml:33:117-140
93            <intent-filter>
93-->src/main/AndroidManifest.xml:34:13-36:29
94                <action android:name="io.invertase.firebase.notifications.BackgroundAction" />
94-->src/main/AndroidManifest.xml:35:17-94
94-->src/main/AndroidManifest.xml:35:25-92
95            </intent-filter>
96        </receiver>
97
98        <service android:name="io.invertase.firebase.notifications.RNFirebaseBackgroundNotificationActionsService" /> <!-- Add this line for Message service -->
98-->src/main/AndroidManifest.xml:38:9-117
98-->src/main/AndroidManifest.xml:38:18-115
99        <service android:name="io.invertase.firebase.messaging.RNFirebaseMessagingService" >
99-->src/main/AndroidManifest.xml:41:9-45:19
99-->src/main/AndroidManifest.xml:41:18-91
100            <intent-filter>
100-->src/main/AndroidManifest.xml:42:13-44:29
101                <action android:name="com.google.firebase.MESSAGING_EVENT" />
101-->src/main/AndroidManifest.xml:43:17-78
101-->src/main/AndroidManifest.xml:43:25-75
102            </intent-filter>
103        </service> <!-- Add this line to enable backgound messaging services -->
104        <service android:name="io.invertase.firebase.messaging.RNFirebaseBackgroundMessagingService" />
104-->src/main/AndroidManifest.xml:48:9-103
104-->src/main/AndroidManifest.xml:48:18-101
105
106        <meta-data
106-->src/main/AndroidManifest.xml:50:9-51:36
107            android:name="com.dieam.reactnativepushnotification.notification_foreground"
107-->src/main/AndroidManifest.xml:50:21-97
108            android:value="false" /> <!-- Change the resource name to your App's accent color - or any other color you want -->
108-->src/main/AndroidManifest.xml:51:13-34
109        <meta-data
109-->src/main/AndroidManifest.xml:53:9-54:46
110            android:name="com.dieam.reactnativepushnotification.notification_color"
110-->src/main/AndroidManifest.xml:53:21-92
111            android:resource="@color/white" /> <!-- or @android:color/{name} to use a standard color -->
111-->src/main/AndroidManifest.xml:54:13-44
112        <receiver android:name="com.dieam.reactnativepushnotification.modules.RNPushNotificationActions" />
112-->src/main/AndroidManifest.xml:56:9-108
112-->src/main/AndroidManifest.xml:56:19-105
113        <receiver android:name="com.dieam.reactnativepushnotification.modules.RNPushNotificationPublisher" />
113-->src/main/AndroidManifest.xml:57:9-110
113-->src/main/AndroidManifest.xml:57:19-107
114        <receiver android:name="com.dieam.reactnativepushnotification.modules.RNPushNotificationBootEventReceiver" >
114-->src/main/AndroidManifest.xml:58:9-64:20
114-->src/main/AndroidManifest.xml:58:19-115
115            <intent-filter>
115-->src/main/AndroidManifest.xml:59:13-63:29
116                <action android:name="android.intent.action.BOOT_COMPLETED" />
116-->src/main/AndroidManifest.xml:27:17-78
116-->src/main/AndroidManifest.xml:27:25-76
117                <action android:name="android.intent.action.QUICKBOOT_POWERON" />
117-->src/main/AndroidManifest.xml:28:17-81
117-->src/main/AndroidManifest.xml:28:25-79
118                <action android:name="com.htc.intent.action.QUICKBOOT_POWERON" />
118-->src/main/AndroidManifest.xml:29:17-81
118-->src/main/AndroidManifest.xml:29:25-79
119            </intent-filter>
120        </receiver>
121
122        <service
122-->src/main/AndroidManifest.xml:66:9-72:19
123            android:name="com.dieam.reactnativepushnotification.modules.RNPushNotificationListenerService"
123-->src/main/AndroidManifest.xml:67:13-107
124            android:exported="false" >
124-->src/main/AndroidManifest.xml:68:13-37
125            <intent-filter>
125-->src/main/AndroidManifest.xml:42:13-44:29
126                <action android:name="com.google.firebase.MESSAGING_EVENT" />
126-->src/main/AndroidManifest.xml:43:17-78
126-->src/main/AndroidManifest.xml:43:25-75
127            </intent-filter>
128        </service>
129
130        <activity
130-->src/main/AndroidManifest.xml:73:7-83:18
131            android:name="com.contactsaic.MainActivity"
131-->src/main/AndroidManifest.xml:74:9-37
132            android:configChanges="keyboard|keyboardHidden|orientation|screenSize|uiMode"
132-->src/main/AndroidManifest.xml:76:9-86
133            android:label="@string/app_name"
133-->src/main/AndroidManifest.xml:75:9-41
134            android:launchMode="singleTask"
134-->src/main/AndroidManifest.xml:77:9-40
135            android:windowSoftInputMode="adjustResize" >
135-->src/main/AndroidManifest.xml:78:9-51
136            <intent-filter>
136-->src/main/AndroidManifest.xml:79:9-82:25
137                <action android:name="android.intent.action.MAIN" />
137-->src/main/AndroidManifest.xml:80:13-65
137-->src/main/AndroidManifest.xml:80:21-62
138
139                <category android:name="android.intent.category.LAUNCHER" />
139-->src/main/AndroidManifest.xml:81:13-73
139-->src/main/AndroidManifest.xml:81:23-70
140            </intent-filter>
141        </activity>
142        <activity android:name="com.facebook.react.devsupport.DevSettingsActivity" />
142-->src/main/AndroidManifest.xml:84:7-84
142-->src/main/AndroidManifest.xml:84:17-81
143
144        <service
144-->[:react-native-firebase] AndroidManifest.xml:16:9-20:19
145            android:name="com.google.firebase.components.ComponentDiscoveryService"
145-->[:react-native-firebase] AndroidManifest.xml:16:18-89
146            android:directBootAware="true"
146-->[com.google.firebase:firebase-common:19.5.0] AndroidManifest.xml:35:13-43
147            android:exported="false" >
147-->[com.google.firebase:firebase-database:19.5.0] AndroidManifest.xml:31:13-37
148            <meta-data
148-->[:react-native-firebase] AndroidManifest.xml:17:13-19:85
149                android:name="com.google.firebase.components:io.invertase.firebase.ReactNativeFirebaseAppRegistrar"
149-->[:react-native-firebase] AndroidManifest.xml:18:17-116
150                android:value="com.google.firebase.components.ComponentRegistrar" />
150-->[:react-native-firebase] AndroidManifest.xml:19:17-82
151            <meta-data
151-->[com.google.firebase:firebase-database:19.5.0] AndroidManifest.xml:32:13-34:85
152                android:name="com.google.firebase.components:com.google.firebase.database.DatabaseRegistrar"
152-->[com.google.firebase:firebase-database:19.5.0] AndroidManifest.xml:33:17-109
153                android:value="com.google.firebase.components.ComponentRegistrar" />
153-->[com.google.firebase:firebase-database:19.5.0] AndroidManifest.xml:34:17-82
154            <meta-data
154-->[com.google.firebase:firebase-firestore:21.0.0] AndroidManifest.xml:20:13-22:85
155                android:name="com.google.firebase.components:com.google.firebase.firestore.FirestoreRegistrar"
155-->[com.google.firebase:firebase-firestore:21.0.0] AndroidManifest.xml:21:17-111
156                android:value="com.google.firebase.components.ComponentRegistrar" />
156-->[com.google.firebase:firebase-firestore:21.0.0] AndroidManifest.xml:22:17-82
157            <meta-data
157-->[com.google.firebase:firebase-messaging:21.0.1] AndroidManifest.xml:39:13-41:85
158                android:name="com.google.firebase.components:com.google.firebase.messaging.FirebaseMessagingRegistrar"
158-->[com.google.firebase:firebase-messaging:21.0.1] AndroidManifest.xml:40:17-119
159                android:value="com.google.firebase.components.ComponentRegistrar" />
159-->[com.google.firebase:firebase-messaging:21.0.1] AndroidManifest.xml:41:17-82
160            <meta-data
160-->[com.google.firebase:firebase-iid:21.0.1] AndroidManifest.xml:32:13-34:85
161                android:name="com.google.firebase.components:com.google.firebase.iid.Registrar"
161-->[com.google.firebase:firebase-iid:21.0.1] AndroidManifest.xml:33:17-96
162                android:value="com.google.firebase.components.ComponentRegistrar" />
162-->[com.google.firebase:firebase-iid:21.0.1] AndroidManifest.xml:34:17-82
163            <meta-data
163-->[com.google.firebase:firebase-crashlytics:17.3.1] AndroidManifest.xml:18:13-20:85
164                android:name="com.google.firebase.components:com.google.firebase.crashlytics.CrashlyticsRegistrar"
164-->[com.google.firebase:firebase-crashlytics:17.3.1] AndroidManifest.xml:19:17-115
165                android:value="com.google.firebase.components.ComponentRegistrar" />
165-->[com.google.firebase:firebase-crashlytics:17.3.1] AndroidManifest.xml:20:17-82
166            <meta-data
166-->[com.google.firebase:firebase-datatransport:17.0.10] AndroidManifest.xml:28:13-30:85
167                android:name="com.google.firebase.components:com.google.firebase.datatransport.TransportRegistrar"
167-->[com.google.firebase:firebase-datatransport:17.0.10] AndroidManifest.xml:29:17-115
168                android:value="com.google.firebase.components.ComponentRegistrar" />
168-->[com.google.firebase:firebase-datatransport:17.0.10] AndroidManifest.xml:30:17-82
169            <meta-data
169-->[com.google.android.gms:play-services-measurement-api:18.0.2] AndroidManifest.xml:30:13-32:85
170                android:name="com.google.firebase.components:com.google.firebase.analytics.connector.internal.AnalyticsConnectorRegistrar"
170-->[com.google.android.gms:play-services-measurement-api:18.0.2] AndroidManifest.xml:31:17-139
171                android:value="com.google.firebase.components.ComponentRegistrar" />
171-->[com.google.android.gms:play-services-measurement-api:18.0.2] AndroidManifest.xml:32:17-82
172            <meta-data
172-->[com.google.firebase:firebase-installations:16.3.5] AndroidManifest.xml:18:13-20:85
173                android:name="com.google.firebase.components:com.google.firebase.installations.FirebaseInstallationsRegistrar"
173-->[com.google.firebase:firebase-installations:16.3.5] AndroidManifest.xml:19:17-127
174                android:value="com.google.firebase.components.ComponentRegistrar" />
174-->[com.google.firebase:firebase-installations:16.3.5] AndroidManifest.xml:20:17-82
175            <!--
176                This registrar is not defined in the dynamic-module-support sdk itself to allow non-firebase
177                clients to use it as well, by defining this registrar in their own core/common library.
178            -->
179            <meta-data
179-->[com.google.firebase:firebase-common:19.5.0] AndroidManifest.xml:43:13-45:85
180                android:name="com.google.firebase.components:com.google.firebase.dynamicloading.DynamicLoadingRegistrar"
180-->[com.google.firebase:firebase-common:19.5.0] AndroidManifest.xml:44:17-121
181                android:value="com.google.firebase.components.ComponentRegistrar" />
181-->[com.google.firebase:firebase-common:19.5.0] AndroidManifest.xml:45:17-82
182        </service>
183
184        <provider
184-->[:notifee_react-native] AndroidManifest.xml:12:9-16:40
185            android:name="io.invertase.notifee.NotifeeInitProvider"
185-->[:notifee_react-native] AndroidManifest.xml:13:13-68
186            android:authorities="com.contactsaic.notifee-init-provider"
186-->[:notifee_react-native] AndroidManifest.xml:14:13-73
187            android:exported="false"
187-->[:notifee_react-native] AndroidManifest.xml:15:13-37
188            android:initOrder="-100" /> <!-- Receiver Service -->
188-->[:notifee_react-native] AndroidManifest.xml:16:13-37
189        <service
189-->[notifee_core_release.aar] AndroidManifest.xml:21:9-23:40
190            android:name="app.notifee.core.ReceiverService"
190-->[notifee_core_release.aar] AndroidManifest.xml:22:13-60
191            android:exported="false" /> <!-- Foreground Service -->
191-->[notifee_core_release.aar] AndroidManifest.xml:23:13-37
192        <service
192-->[notifee_core_release.aar] AndroidManifest.xml:26:9-28:40
193            android:name="app.notifee.core.ForegroundService"
193-->[notifee_core_release.aar] AndroidManifest.xml:27:13-62
194            android:exported="false" /> <!-- Broadcast Receiver -->
194-->[notifee_core_release.aar] AndroidManifest.xml:28:13-37
195        <receiver
195-->[notifee_core_release.aar] AndroidManifest.xml:31:9-39:20
196            android:name="app.notifee.core.BlockStateBroadcastReceiver"
196-->[notifee_core_release.aar] AndroidManifest.xml:32:13-72
197            android:exported="false" >
197-->[notifee_core_release.aar] AndroidManifest.xml:33:13-37
198            <intent-filter>
198-->[notifee_core_release.aar] AndroidManifest.xml:34:13-38:29
199                <action android:name="android.app.action.APP_BLOCK_STATE_CHANGED" />
199-->[notifee_core_release.aar] AndroidManifest.xml:35:17-85
199-->[notifee_core_release.aar] AndroidManifest.xml:35:25-82
200                <action android:name="android.app.action.NOTIFICATION_CHANNEL_BLOCK_STATE_CHANGED" />
200-->[notifee_core_release.aar] AndroidManifest.xml:36:17-102
200-->[notifee_core_release.aar] AndroidManifest.xml:36:25-99
201                <action android:name="android.app.action.NOTIFICATION_CHANNEL_GROUP_BLOCK_STATE_CHANGED" />
201-->[notifee_core_release.aar] AndroidManifest.xml:37:17-108
201-->[notifee_core_release.aar] AndroidManifest.xml:37:25-105
202            </intent-filter>
203        </receiver>
204
205        <provider
205-->[:react-native-image-crop-picker] AndroidManifest.xml:19:9-27:20
206            android:name="androidx.core.content.FileProvider"
206-->[:react-native-image-crop-picker] AndroidManifest.xml:20:13-62
207            android:authorities="com.contactsaic.provider"
207-->[:react-native-image-crop-picker] AndroidManifest.xml:21:13-60
208            android:exported="false"
208-->[:react-native-image-crop-picker] AndroidManifest.xml:22:13-37
209            android:grantUriPermissions="true" >
209-->[:react-native-image-crop-picker] AndroidManifest.xml:23:13-47
210            <meta-data
210-->[:react-native-image-crop-picker] AndroidManifest.xml:24:13-26:58
211                android:name="android.support.FILE_PROVIDER_PATHS"
211-->[:react-native-image-crop-picker] AndroidManifest.xml:25:17-67
212                android:resource="@xml/provider_paths" />
212-->[:react-native-image-crop-picker] AndroidManifest.xml:26:17-55
213        </provider>
214
215        <activity
215-->[:react-native-image-crop-picker] AndroidManifest.xml:29:9-31:72
216            android:name="com.yalantis.ucrop.UCropActivity"
216-->[:react-native-image-crop-picker] AndroidManifest.xml:30:13-60
217            android:theme="@style/Theme.AppCompat.Light.NoActionBar" /> <!-- suppress AndroidDomInspection -->
217-->[:react-native-image-crop-picker] AndroidManifest.xml:31:13-69
218        <activity
218-->[:react-native-keychain] AndroidManifest.xml:17:9-20:67
219            android:name="androidx.biometric.DeviceCredentialHandlerActivity"
219-->[:react-native-keychain] AndroidManifest.xml:18:13-78
220            android:exported="true"
220-->[:react-native-keychain] AndroidManifest.xml:19:13-36
221            android:theme="@style/DeviceCredentialHandlerTheme" />
221-->[:react-native-keychain] AndroidManifest.xml:20:13-64
222
223        <provider
223-->[:rn-fetch-blob] AndroidManifest.xml:36:9-44:20
224            android:name="com.RNFetchBlob.Utils.FileProvider"
224-->[:rn-fetch-blob] AndroidManifest.xml:37:13-62
225            android:authorities="com.contactsaic.provider"
225-->[:rn-fetch-blob] AndroidManifest.xml:38:13-60
226            android:exported="false"
226-->[:rn-fetch-blob] AndroidManifest.xml:39:13-37
227            android:grantUriPermissions="true" >
227-->[:rn-fetch-blob] AndroidManifest.xml:40:13-47
228            <meta-data
228-->[:react-native-image-crop-picker] AndroidManifest.xml:24:13-26:58
229                android:name="android.support.FILE_PROVIDER_PATHS"
229-->[:react-native-image-crop-picker] AndroidManifest.xml:25:17-67
230                android:resource="@xml/provider_paths" />
230-->[:react-native-image-crop-picker] AndroidManifest.xml:26:17-55
231        </provider>
232        <!--
233             FirebaseMessagingService performs security checks at runtime,
234             but set to not exported to explicitly avoid allowing another app to call it.
235        -->
236        <service
236-->[com.google.firebase:firebase-messaging:21.0.1] AndroidManifest.xml:28:9-35:19
237            android:name="com.google.firebase.messaging.FirebaseMessagingService"
237-->[com.google.firebase:firebase-messaging:21.0.1] AndroidManifest.xml:29:13-82
238            android:directBootAware="true"
238-->[com.google.firebase:firebase-messaging:21.0.1] AndroidManifest.xml:30:13-43
239            android:exported="false" >
239-->[com.google.firebase:firebase-messaging:21.0.1] AndroidManifest.xml:31:13-37
240            <intent-filter android:priority="-500" >
240-->src/main/AndroidManifest.xml:42:13-44:29
241                <action android:name="com.google.firebase.MESSAGING_EVENT" />
241-->src/main/AndroidManifest.xml:43:17-78
241-->src/main/AndroidManifest.xml:43:25-75
242            </intent-filter>
243        </service>
244
245        <receiver
245-->[com.google.firebase:firebase-iid:21.0.1] AndroidManifest.xml:37:9-44:20
246            android:name="com.google.firebase.iid.FirebaseInstanceIdReceiver"
246-->[com.google.firebase:firebase-iid:21.0.1] AndroidManifest.xml:38:13-78
247            android:exported="true"
247-->[com.google.firebase:firebase-iid:21.0.1] AndroidManifest.xml:39:13-36
248            android:permission="com.google.android.c2dm.permission.SEND" >
248-->[com.google.firebase:firebase-iid:21.0.1] AndroidManifest.xml:40:13-73
249            <intent-filter>
249-->[com.google.firebase:firebase-iid:21.0.1] AndroidManifest.xml:41:13-43:29
250                <action android:name="com.google.android.c2dm.intent.RECEIVE" />
250-->[com.google.firebase:firebase-iid:21.0.1] AndroidManifest.xml:42:17-81
250-->[com.google.firebase:firebase-iid:21.0.1] AndroidManifest.xml:42:25-78
251            </intent-filter>
252        </receiver>
253
254        <activity
254-->[com.google.android.gms:play-services-base:17.2.1] AndroidManifest.xml:23:9-26:75
255            android:name="com.google.android.gms.common.api.GoogleApiActivity"
255-->[com.google.android.gms:play-services-base:17.2.1] AndroidManifest.xml:24:13-79
256            android:exported="false"
256-->[com.google.android.gms:play-services-base:17.2.1] AndroidManifest.xml:25:13-37
257            android:theme="@android:style/Theme.Translucent.NoTitleBar" />
257-->[com.google.android.gms:play-services-base:17.2.1] AndroidManifest.xml:26:13-72
258
259        <service
259-->[com.google.android.datatransport:transport-backend-cct:2.3.3] AndroidManifest.xml:29:9-35:19